[debug] [2018-03-15T02:37:20.497Z] ----------------------------------------------------------------------
[debug] [2018-03-15T02:37:20.500Z] Command:       C:\Program Files\nodejs\node.exe C:\Users\enjoi\AppData\Roaming\npm\node_modules\firebase-tools\bin\firebase serve
[debug] [2018-03-15T02:37:20.500Z] CLI Version:   3.17.6
[debug] [2018-03-15T02:37:20.500Z] Platform:      win32
[debug] [2018-03-15T02:37:20.500Z] Node Version:  v8.9.3
[debug] [2018-03-15T02:37:20.501Z] Time:          Wed Mar 14 2018 19:37:20 GMT-0700 (Pacific Daylight Time)
[debug] [2018-03-15T02:37:20.501Z] ----------------------------------------------------------------------
[debug] 
[debug] [2018-03-15T02:37:20.512Z] > command requires scopes: ["email","openid","https://www.googleapis.com/auth/cloudplatformprojects.readonly","https://www.googleapis.com/auth/firebase","https://www.googleapis.com/auth/cloud-platform"]
[debug] [2018-03-15T02:37:20.513Z] > authorizing via signed-in user
[debug] [2018-03-15T02:37:20.514Z] > refreshing access token with scopes: ["email","https://www.googleapis.com/auth/cloud-platform","https://www.googleapis.com/auth/cloudplatformprojects.readonly","https://www.googleapis.com/auth/firebase","openid"]
[debug] [2018-03-15T02:37:20.515Z] >>> HTTP REQUEST POST https://www.googleapis.com/oauth2/v3/token  
 { refresh_token: '1/TUyKp_p19VB47jI-M84tF6OmaehbYiTdGtcGVGwulkw',
  client_id: '563584335869-fgrhgmd47bqnekij5i8b5pr03ho849e6.apps.googleusercontent.com',
  client_secret: 'j9iVZfS8kkCEFUPaAeJV0sAi',
  grant_type: 'refresh_token',
  scope: 'email https://www.googleapis.com/auth/cloud-platform https://www.googleapis.com/auth/cloudplatformprojects.readonly https://www.googleapis.com/auth/firebase openid' } 
 Wed Mar 14 2018 19:37:20 GMT-0700 (Pacific Daylight Time)
[debug] [2018-03-15T02:37:20.801Z] <<< HTTP RESPONSE 200
[debug] [2018-03-15T02:37:20.808Z] >>> HTTP REQUEST GET https://admin.firebase.com/v1/projects/cccjeopardy  
  
 Wed Mar 14 2018 19:37:20 GMT-0700 (Pacific Daylight Time)
[debug] [2018-03-15T02:37:21.297Z] <<< HTTP RESPONSE 200
[debug] [2018-03-15T02:37:21.297Z] >>> HTTP REQUEST GET https://admin.firebase.com/v1/database/cccjeopardy/tokens  
  
 Wed Mar 14 2018 19:37:21 GMT-0700 (Pacific Daylight Time)
[debug] [2018-03-15T02:37:21.785Z] <<< HTTP RESPONSE 200
[debug] [2018-03-15T02:37:21.786Z] >>> HTTP REQUEST GET https://cloudresourcemanager.googleapis.com/v1/projects/cccjeopardy  
  
 Wed Mar 14 2018 19:37:21 GMT-0700 (Pacific Daylight Time)
[debug] [2018-03-15T02:37:22.228Z] <<< HTTP RESPONSE 200
[info] 
[info] === Serving from 'C:\Users\enjoi\Documents\projects\Jeopardy\Firebase'...
[info] 
[debug] [2018-03-15T02:37:22.232Z] >>> HTTP REQUEST GET https://mobilesdk-pa.googleapis.com/v1/projects/1045575184638/clients/_:getWebAppConfig  
  
 Wed Mar 14 2018 19:37:22 GMT-0700 (Pacific Daylight Time)
[debug] [2018-03-15T02:37:22.961Z] <<< HTTP RESPONSE 200
[debug] [2018-03-15T02:37:22.979Z] TypeError: Cannot read property 'public' of undefined
    at Server.<anonymous> (C:\Users\enjoi\AppData\Roaming\npm\node_modules\firebase-tools\lib\serve\hosting.js:34:18)
    at Object.onceWrapper (events.js:313:30)
    at emitNone (events.js:106:13)
    at Server.emit (events.js:208:7)
    at emitListeningNT (net.js:1378:10)
    at _combinedTickCallback (internal/process/next_tick.js:135:11)
    at process._tickDomainCallback (internal/process/next_tick.js:218:9)
[error] 
[error] Error: An unexpected error has occurred.
[debug] [2018-03-15T02:37:32.856Z] ----------------------------------------------------------------------
[debug] [2018-03-15T02:37:32.858Z] Command:       C:\Program Files\nodejs\node.exe C:\Users\enjoi\AppData\Roaming\npm\node_modules\firebase-tools\bin\firebase serve
[debug] [2018-03-15T02:37:32.859Z] CLI Version:   3.17.6
[debug] [2018-03-15T02:37:32.859Z] Platform:      win32
[debug] [2018-03-15T02:37:32.859Z] Node Version:  v8.9.3
[debug] [2018-03-15T02:37:32.859Z] Time:          Wed Mar 14 2018 19:37:32 GMT-0700 (Pacific Daylight Time)
[debug] [2018-03-15T02:37:32.859Z] ----------------------------------------------------------------------
[debug] 
[debug] [2018-03-15T02:37:32.870Z] > command requires scopes: ["email","openid","https://www.googleapis.com/auth/cloudplatformprojects.readonly","https://www.googleapis.com/auth/firebase","https://www.googleapis.com/auth/cloud-platform"]
[debug] [2018-03-15T02:37:32.871Z] > authorizing via signed-in user
[debug] [2018-03-15T02:37:32.873Z] >>> HTTP REQUEST GET https://admin.firebase.com/v1/projects/cccjeopardy  
  
 Wed Mar 14 2018 19:37:32 GMT-0700 (Pacific Daylight Time)
[debug] [2018-03-15T02:37:33.320Z] <<< HTTP RESPONSE 200
[debug] [2018-03-15T02:37:33.321Z] >>> HTTP REQUEST GET https://admin.firebase.com/v1/database/cccjeopardy/tokens  
  
 Wed Mar 14 2018 19:37:33 GMT-0700 (Pacific Daylight Time)
[debug] [2018-03-15T02:37:33.702Z] <<< HTTP RESPONSE 200
[debug] [2018-03-15T02:37:33.702Z] >>> HTTP REQUEST GET https://cloudresourcemanager.googleapis.com/v1/projects/cccjeopardy  
  
 Wed Mar 14 2018 19:37:33 GMT-0700 (Pacific Daylight Time)
[debug] [2018-03-15T02:37:34.071Z] <<< HTTP RESPONSE 200
[info] 
[info] === Serving from 'C:\Users\enjoi\Documents\projects\Jeopardy\Firebase'...
[info] 
[debug] [2018-03-15T02:37:34.074Z] >>> HTTP REQUEST GET https://mobilesdk-pa.googleapis.com/v1/projects/1045575184638/clients/_:getWebAppConfig  
  
 Wed Mar 14 2018 19:37:34 GMT-0700 (Pacific Daylight Time)
[debug] [2018-03-15T02:37:34.572Z] <<< HTTP RESPONSE 200
[debug] [2018-03-15T02:37:34.590Z] TypeError: Cannot read property 'public' of undefined
    at Server.<anonymous> (C:\Users\enjoi\AppData\Roaming\npm\node_modules\firebase-tools\lib\serve\hosting.js:34:18)
    at Object.onceWrapper (events.js:313:30)
    at emitNone (events.js:106:13)
    at Server.emit (events.js:208:7)
    at emitListeningNT (net.js:1378:10)
    at _combinedTickCallback (internal/process/next_tick.js:135:11)
    at process._tickDomainCallback (internal/process/next_tick.js:218:9)
[error] 
[error] Error: An unexpected error has occurred.
[debug] [2018-03-15T02:37:47.942Z] ----------------------------------------------------------------------
[debug] [2018-03-15T02:37:47.944Z] Command:       C:\Program Files\nodejs\node.exe C:\Users\enjoi\AppData\Roaming\npm\node_modules\firebase-tools\bin\firebase serve
[debug] [2018-03-15T02:37:47.944Z] CLI Version:   3.17.6
[debug] [2018-03-15T02:37:47.944Z] Platform:      win32
[debug] [2018-03-15T02:37:47.945Z] Node Version:  v8.9.3
[debug] [2018-03-15T02:37:47.945Z] Time:          Wed Mar 14 2018 19:37:47 GMT-0700 (Pacific Daylight Time)
[debug] [2018-03-15T02:37:47.945Z] ----------------------------------------------------------------------
[debug] 
[debug] [2018-03-15T02:37:47.956Z] > command requires scopes: ["email","openid","https://www.googleapis.com/auth/cloudplatformprojects.readonly","https://www.googleapis.com/auth/firebase","https://www.googleapis.com/auth/cloud-platform"]
[debug] [2018-03-15T02:37:47.957Z] > authorizing via signed-in user
[debug] [2018-03-15T02:37:47.959Z] >>> HTTP REQUEST GET https://admin.firebase.com/v1/projects/cccjeopardy  
  
 Wed Mar 14 2018 19:37:47 GMT-0700 (Pacific Daylight Time)
[debug] [2018-03-15T02:37:48.369Z] <<< HTTP RESPONSE 200
[debug] [2018-03-15T02:37:48.370Z] >>> HTTP REQUEST GET https://admin.firebase.com/v1/database/cccjeopardy/tokens  
  
 Wed Mar 14 2018 19:37:48 GMT-0700 (Pacific Daylight Time)
[debug] [2018-03-15T02:37:48.746Z] <<< HTTP RESPONSE 200
[debug] [2018-03-15T02:37:48.747Z] >>> HTTP REQUEST GET https://cloudresourcemanager.googleapis.com/v1/projects/cccjeopardy  
  
 Wed Mar 14 2018 19:37:48 GMT-0700 (Pacific Daylight Time)
[debug] [2018-03-15T02:37:49.070Z] <<< HTTP RESPONSE 200
[info] 
[info] === Serving from 'C:\Users\enjoi\Documents\projects\Jeopardy\Firebase'...
[info] 
[debug] [2018-03-15T02:37:49.073Z] >>> HTTP REQUEST GET https://mobilesdk-pa.googleapis.com/v1/projects/1045575184638/clients/_:getWebAppConfig  
  
 Wed Mar 14 2018 19:37:49 GMT-0700 (Pacific Daylight Time)
[debug] [2018-03-15T02:37:49.552Z] <<< HTTP RESPONSE 200
[debug] [2018-03-15T02:37:49.570Z] TypeError: Cannot read property 'public' of undefined
    at Server.<anonymous> (C:\Users\enjoi\AppData\Roaming\npm\node_modules\firebase-tools\lib\serve\hosting.js:34:18)
    at Object.onceWrapper (events.js:313:30)
    at emitNone (events.js:106:13)
    at Server.emit (events.js:208:7)
    at emitListeningNT (net.js:1378:10)
    at _combinedTickCallback (internal/process/next_tick.js:135:11)
    at process._tickDomainCallback (internal/process/next_tick.js:218:9)
[error] 
[error] Error: An unexpected error has occurred.
[debug] [2018-03-15T02:40:32.365Z] ----------------------------------------------------------------------
[debug] [2018-03-15T02:40:32.368Z] Command:       C:\Program Files\nodejs\node.exe C:\Users\enjoi\AppData\Roaming\npm\node_modules\firebase-tools\bin\firebase serve
[debug] [2018-03-15T02:40:32.368Z] CLI Version:   3.17.6
[debug] [2018-03-15T02:40:32.368Z] Platform:      win32
[debug] [2018-03-15T02:40:32.368Z] Node Version:  v8.9.3
[debug] [2018-03-15T02:40:32.369Z] Time:          Wed Mar 14 2018 19:40:32 GMT-0700 (Pacific Daylight Time)
[debug] [2018-03-15T02:40:32.369Z] ----------------------------------------------------------------------
[debug] 
[debug] [2018-03-15T02:40:32.380Z] > command requires scopes: ["email","openid","https://www.googleapis.com/auth/cloudplatformprojects.readonly","https://www.googleapis.com/auth/firebase","https://www.googleapis.com/auth/cloud-platform"]
[debug] [2018-03-15T02:40:32.380Z] > authorizing via signed-in user
[debug] [2018-03-15T02:40:32.382Z] >>> HTTP REQUEST GET https://admin.firebase.com/v1/projects/cccjeopardy  
  
 Wed Mar 14 2018 19:40:32 GMT-0700 (Pacific Daylight Time)
[debug] [2018-03-15T02:40:32.881Z] <<< HTTP RESPONSE 200
[debug] [2018-03-15T02:40:32.882Z] >>> HTTP REQUEST GET https://admin.firebase.com/v1/database/cccjeopardy/tokens  
  
 Wed Mar 14 2018 19:40:32 GMT-0700 (Pacific Daylight Time)
[debug] [2018-03-15T02:40:33.338Z] <<< HTTP RESPONSE 200
[debug] [2018-03-15T02:40:33.339Z] >>> HTTP REQUEST GET https://cloudresourcemanager.googleapis.com/v1/projects/cccjeopardy  
  
 Wed Mar 14 2018 19:40:33 GMT-0700 (Pacific Daylight Time)
[debug] [2018-03-15T02:40:33.725Z] <<< HTTP RESPONSE 200
[info] 
[info] === Serving from 'C:\Users\enjoi\Documents\projects\Jeopardy\Firebase'...
[info] 
[debug] [2018-03-15T02:40:33.728Z] >>> HTTP REQUEST GET https://mobilesdk-pa.googleapis.com/v1/projects/1045575184638/clients/_:getWebAppConfig  
  
 Wed Mar 14 2018 19:40:33 GMT-0700 (Pacific Daylight Time)
[debug] [2018-03-15T02:40:34.347Z] <<< HTTP RESPONSE 200
[debug] [2018-03-15T02:40:34.364Z] TypeError: Cannot read property 'public' of undefined
    at Server.<anonymous> (C:\Users\enjoi\AppData\Roaming\npm\node_modules\firebase-tools\lib\serve\hosting.js:34:18)
    at Object.onceWrapper (events.js:313:30)
    at emitNone (events.js:106:13)
    at Server.emit (events.js:208:7)
    at emitListeningNT (net.js:1378:10)
    at _combinedTickCallback (internal/process/next_tick.js:135:11)
    at process._tickDomainCallback (internal/process/next_tick.js:218:9)
[error] 
[error] Error: An unexpected error has occurred.
